══════════════════════════════════════════════════════════════════════
[2026-04-11 20:50:04] [y2022] 🌱 SEEDING ANIME FROM YEAR: 2022
[2026-04-11 20:50:04] [y2022]    Mode: Normal
══════════════════════════════════════════════════════════════════════
[2026-04-11 20:50:06] [y2022] ✅ Connected to database
═════════════════════════════════════════════════════════════════
[2026-04-11 20:50:06] [y2022] 🚀 Phase 1: Collecting anime list
═════════════════════════════════════════════════════════════════
[2026-04-11 20:50:06] [y2022] 📥 Collecting anime from year 2022...
─────────────────────────────────────────────────────────────────
[2026-04-11 20:50:06] [y2022] 📄 Page 1/1
─────────────────────────────────────────────────────────────────
[2026-04-11 20:50:08] [y2022] ✅ Page 1: got 100 anime (total: 100)
─────────────────────────────────────────────────────────────────
[2026-04-11 20:50:08] [y2022] 📄 Page 2/1
─────────────────────────────────────────────────────────────────
[2026-04-11 20:50:10] [y2022] ✅ Page 2: got 100 anime (total: 200)
─────────────────────────────────────────────────────────────────
[2026-04-11 20:50:10] [y2022] 📄 Page 3/1
─────────────────────────────────────────────────────────────────
[2026-04-11 20:50:12] [y2022] ✅ Page 3: got 29 anime (total: 229)
[2026-04-11 20:50:12] [y2022] 📌 Reached last page — stopping collection
═════════════════════════════════════════════════════════════════
[2026-04-11 20:50:12] [y2022] ✅ Collection complete: 229 anime from 2022
═════════════════════════════════════════════════════════════════
═════════════════════════════════════════════════════════════════
[2026-04-11 20:50:12] [y2022] 🚀 Phase 2: Processing anime
═════════════════════════════════════════════════════════════════
[2026-04-11 20:50:12] [y2022] 📊 Total anime: 229
[2026-04-11 20:50:12] [y2022]    Already done: 0
[2026-04-11 20:50:12] [y2022]    Previously skipped: 0
[2026-04-11 20:50:12] [y2022]    Previously failed: 0
[2026-04-11 20:50:12] [y2022]    Now processing: 229
─────────────────────────────────────────────────────────────────
[2026-04-11 20:50:12] [y2022] 
🎌 [1/229] jo_jo_no_kimyou_na_bouken_part_6_stone_ocean
[2026-04-11 20:50:14] [y2022]    📡 Got anime info from AnimeThemes (full mode)
[2026-04-11 20:50:15] [y2022]    🔍 Found extra info via AniList (by_id)
[2026-04-11 20:50:15] [y2022]    📝 JoJo no Kimyou na Bouken Part 6: Stone Ocean | JoJo's Bizarre Adventure: STONE OCEAN | FALL 2021
[2026-04-11 20:50:15] [y2022]    🆔 MAL: 48661 | AniList: 131942
[2026-04-11 20:50:15] [y2022]    🎬 Found 4 theme(s):
[2026-04-11 20:50:15] [y2022]       OP1: "STONE OCEAN" — ichigo (3 videos)
[2026-04-11 20:50:15] [y2022]       ED1: "Distant Dreamer" — Duffy (2 videos)
[2026-04-11 20:50:15] [y2022]       OP2: "Heaven's falling down" — sana (2 videos)
[2026-04-11 20:50:15] [y2022]       ED2: "ROUNDABOUT" — YES (1 videos)
[2026-04-11 20:50:16] [y2022]    💾 Saved: "STONE OCEAN" (OP1)
[2026-04-11 20:50:16] [y2022]    💾 Saved: "Distant Dreamer" (ED1)
[2026-04-11 20:50:16] [y2022]    💾 Saved: "Heaven's falling down" (OP2)
[2026-04-11 20:50:16] [y2022]    💾 Saved: "ROUNDABOUT" (ED2)
[2026-04-11 20:50:16] [y2022]    🎤 Artist: ichigo (1 themes)
[2026-04-11 20:50:16] [y2022]    🎤 Artist: Duffy (1 themes)
[2026-04-11 20:50:16] [y2022]    🎤 Artist: sana (1 themes)
[2026-04-11 20:50:16] [y2022]    🎤 Artist: YES (1 themes)
[2026-04-11 20:50:16] [y2022]    ✅ New: 1 | Skipped: 0 | Failed: 0
[2026-04-11 20:50:16] [y2022] 
🎌 [2/229] kimetsu_no_yaiba_yuukaku_hen
[2026-04-11 20:50:18] [y2022]    📡 Got anime info from AnimeThemes (full mode)
[2026-04-11 20:50:20] [y2022]    🔍 Found extra info via AniList (by_id)
[2026-04-11 20:50:20] [y2022]    📝 Kimetsu no Yaiba: Yuukaku-hen | Demon Slayer: Kimetsu no Yaiba Entertainment District Arc | WINTER 2022
[2026-04-11 20:50:20] [y2022]    🆔 MAL: 47778 | AniList: 142329
[2026-04-11 20:50:20] [y2022]    🎬 Found 2 theme(s):
[2026-04-11 20:50:20] [y2022]       OP1: "Zankyou Zanka" — Aimer (2 videos)
[2026-04-11 20:50:20] [y2022]       ED1: "Asa ga Kuru" — Aimer (2 videos)
[2026-04-11 20:50:20] [y2022]    💾 Saved: "Zankyou Zanka" (OP1)
[2026-04-11 20:50:20] [y2022]    💾 Saved: "Asa ga Kuru" (ED1)
[2026-04-11 20:50:20] [y2022]    🎤 Artist: Aimer (2 themes)
[2026-04-11 20:50:20] [y2022]    ✅ New: 2 | Skipped: 0 | Failed: 0
[2026-04-11 20:50:20] [y2022] 
🎌 [3/229] hakozume_kouban_joshi_no_gyakushuu
[2026-04-11 20:50:22] [y2022]    📡 Got anime info from AnimeThemes (full mode)
[2026-04-11 20:50:23] [y2022]    🔍 Found extra info via AniList (by_id)
[2026-04-11 20:50:23] [y2022]    📝 Hakozume: Kouban Joshi no Gyakushuu | Police in a Pod | WINTER 2022
[2026-04-11 20:50:23] [y2022]    🆔 MAL: 49519 | AniList: 137312
[2026-04-11 20:50:23] [y2022]    🎬 Found 2 theme(s):
[2026-04-11 20:50:23] [y2022]       OP1: "Shiranakya" — Riko Azuna (2 videos)
[2026-04-11 20:50:23] [y2022]       ED1: "Change" — nonoc (2 videos)
[2026-04-11 20:50:23] [y2022]    💾 Saved: "Shiranakya" (OP1)
[2026-04-11 20:50:24] [y2022]    💾 Saved: "Change" (ED1)
[2026-04-11 20:50:24] [y2022]    🎤 Artist: Riko Azuna (1 themes)
[2026-04-11 20:50:24] [y2022]    🎤 Artist: nonoc (1 themes)
[2026-04-11 20:50:24] [y2022]    ✅ New: 3 | Skipped: 0 | Failed: 0
[2026-04-11 20:50:24] [y2022] 
🎌 [4/229] leadale_no_daichi_nite
[2026-04-11 20:50:26] [y2022]    📡 Got anime info from AnimeThemes (full mode)
[2026-04-11 20:50:27] [y2022]    🔍 Found extra info via AniList (by_id)
[2026-04-11 20:50:27] [y2022]    📝 Leadale no Daichi nite | In the Land of Leadale | WINTER 2022
[2026-04-11 20:50:27] [y2022]    🆔 MAL: 48239 | AniList: 130166
[2026-04-11 20:50:27] [y2022]    🎬 Found 2 theme(s):
[2026-04-11 20:50:27] [y2022]       OP1: "Happy Encount" — TRUE (2 videos)
[2026-04-11 20:50:27] [y2022]       ED1: "Hakone no Koufuku" — Azusa Tadokoro (2 videos)
[2026-04-11 20:50:27] [y2022]    💾 Saved: "Happy Encount" (OP1)
[2026-04-11 20:50:27] [y2022]    💾 Saved: "Hakone no Koufuku" (ED1)
[2026-04-11 20:50:27] [y2022]    🎤 Artist: TRUE (1 themes)
[2026-04-11 20:50:27] [y2022]    🎤 Artist: Azusa Tadokoro (1 themes)
[2026-04-11 20:50:27] [y2022]    ✅ New: 4 | Skipped: 0 | Failed: 0
[2026-04-11 20:50:27] [y2022] 
🎌 [5/229] orient
[2026-04-11 20:50:29] [y2022]    📡 Got anime info from AnimeThemes (full mode)
[2026-04-11 20:50:31] [y2022]    🔍 Found extra info via AniList (by_id)
[2026-04-11 20:50:31] [y2022]    📝 Orient | ORIENT | WINTER 2022
[2026-04-11 20:50:31] [y2022]    🆔 MAL: 45560 | AniList: 128034
[2026-04-11 20:50:31] [y2022]    🎬 Found 2 theme(s):
[2026-04-11 20:50:31] [y2022]       OP1: "Break out" — — (1 videos)
[2026-04-11 20:50:31] [y2022]       ED1: "Naniiro" — Wataru Hatano (2 videos)
[2026-04-11 20:50:31] [y2022]    💾 Saved: "Break out" (OP1)
[2026-04-11 20:50:31] [y2022]    💾 Saved: "Naniiro" (ED1)
[2026-04-11 20:50:31] [y2022]    🎤 Artist: Wataru Hatano (1 themes)
[2026-04-11 20:50:31] [y2022]    ✅ New: 5 | Skipped: 0 | Failed: 0
[2026-04-11 20:50:31] [y2022] 
🎌 [6/229] tokyo_24_ku
[2026-04-11 20:50:33] [y2022]    📡 Got anime info from AnimeThemes (full mode)
[2026-04-11 20:50:34] [y2022]    🔍 Found extra info via AniList (by_id)
[2026-04-11 20:50:34] [y2022]    📝 Tokyo 24-ku | Tokyo 24th Ward | WINTER 2022
[2026-04-11 20:50:34] [y2022]    🆔 MAL: 50204 | AniList: 140643
[2026-04-11 20:50:34] [y2022]    🎬 Found 2 theme(s):
[2026-04-11 20:50:34] [y2022]       OP1: "Papersky" — Survive Said The Prophet (1 videos)
[2026-04-11 20:50:34] [y2022]       ED1: "255,255,255" — Yuuma Uchida, Kaito Ishikawa (1 videos)
[2026-04-11 20:50:35] [y2022]    💾 Saved: "Papersky" (OP1)
[2026-04-11 20:50:35] [y2022]    💾 Saved: "255,255,255" (ED1)
[2026-04-11 20:50:35] [y2022]    🎤 Artist: Survive Said The Prophet (1 themes)
[2026-04-11 20:50:35] [y2022]    🎤 Artist: Yuuma Uchida (1 themes)
[2026-04-11 20:50:35] [y2022]    🎤 Artist: Kaito Ishikawa (1 themes)
[2026-04-11 20:50:35] [y2022]    ✅ New: 6 | Skipped: 0 | Failed: 0
[2026-04-11 20:50:35] [y2022] 
🎌 [7/229] saiyuuki_reload_zeroin
[2026-04-11 20:50:37] [y2022]    📡 Got anime info from AnimeThemes (full mode)
[2026-04-11 20:50:39] [y2022]    🔍 Found extra info via AniList (by_id)
[2026-04-11 20:50:39] [y2022]    📝 Saiyuuki Reload: Zeroin | Saiyuki RELOAD: ZEROIN | WINTER 2022
[2026-04-11 20:50:39] [y2022]    🆔 MAL: 45783 | AniList: 128400
[2026-04-11 20:50:39] [y2022]    🎬 Found 2 theme(s):
[2026-04-11 20:50:39] [y2022]       OP1: "Kami mo Hotoke mo" — GRANRODEO (1 videos)
[2026-04-11 20:50:39] [y2022]       ED1: "Ruten" — Shuugo Nakamura (1 videos)
[2026-04-11 20:50:39] [y2022]    💾 Saved: "Kami mo Hotoke mo" (OP1)
[2026-04-11 20:50:39] [y2022]    💾 Saved: "Ruten" (ED1)
[2026-04-11 20:50:39] [y2022]    🎤 Artist: GRANRODEO (1 themes)
[2026-04-11 20:50:39] [y2022]    🎤 Artist: Shuugo Nakamura (1 themes)
[2026-04-11 20:50:39] [y2022]    ✅ New: 7 | Skipped: 0 | Failed: 0
[2026-04-11 20:50:39] [y2022] 
🎌 [8/229] cue
[2026-04-11 20:50:41] [y2022]    📡 Got anime info from AnimeThemes (full mode)
[2026-04-11 20:50:42] [y2022]    🔍 Found extra info via AniList (by_id)
[2026-04-11 20:50:42] [y2022]    📝 Cue! | CUE! | WINTER 2022
[2026-04-11 20:50:42] [y2022]    🆔 MAL: 43735 | AniList: 125682
[2026-04-11 20:50:42] [y2022]    🎬 Found 7 theme(s):
[2026-04-11 20:50:42] [y2022]       OP1: "Start Line" — AiRBLUE (3 videos)
[2026-04-11 20:50:42] [y2022]       ED1: "Hajimari no Kanenone ga Narihibiku Sora" — AiRBLUE (2 videos)
[2026-04-11 20:50:42] [y2022]       ED2: "Sayonara Ready-Made" — AiRBLUE (1 videos)
[2026-04-11 20:50:42] [y2022]       OP2: "Tomorrow's Diary" — AiRBLUE (2 videos)
[2026-04-11 20:50:42] [y2022]       ED3: "Yumedayori" — AiRBLUE (1 videos)
[2026-04-11 20:50:42] [y2022]       ED4: "My Sustainer" — AiRBLUE (1 videos)
[2026-04-11 20:50:42] [y2022]       ED5: "Mirai Canvas" — AiRBLUE (1 videos)
[2026-04-11 20:50:42] [y2022]    💾 Saved: "Start Line" (OP1)
[2026-04-11 20:50:43] [y2022]    💾 Saved: "Hajimari no Kanenone ga Narihibiku Sora" (ED1)
[2026-04-11 20:50:43] [y2022]    💾 Saved: "Sayonara Ready-Made" (ED2)
[2026-04-11 20:50:43] [y2022]    💾 Saved: "Tomorrow's Diary" (OP2)
[2026-04-11 20:50:43] [y2022]    💾 Saved: "Yumedayori" (ED3)
[2026-04-11 20:50:43] [y2022]    💾 Saved: "My Sustainer" (ED4)
[2026-04-11 20:50:43] [y2022]    💾 Saved: "Mirai Canvas" (ED5)
[2026-04-11 20:50:43] [y2022]    🎤 Artist: AiRBLUE (7 themes)
[2026-04-11 20:50:43] [y2022]    ✅ New: 8 | Skipped: 0 | Failed: 0
[2026-04-11 20:50:43] [y2022] 
🎌 [9/229] dolls_frontline
[2026-04-11 20:50:45] [y2022]    📡 Got anime info from AnimeThemes (full mode)
[2026-04-11 20:50:47] [y2022]    🔍 Found extra info via AniList (by_id)
[2026-04-11 20:50:47] [y2022]    📝 Dolls' Frontline | Girls’ Frontline | WINTER 2022
[2026-04-11 20:50:47] [y2022]    🆔 MAL: 46604 | AniList: 128828
[2026-04-11 20:50:47] [y2022]    🎬 Found 2 theme(s):
[2026-04-11 20:50:47] [y2022]       OP1: "BAD CANDY" — yukaDD(;´∀｀) (1 videos)
[2026-04-11 20:50:47] [y2022]       ED1: "HORIZON" — TEAM SHACHI (1 videos)
[2026-04-11 20:50:47] [y2022]    💾 Saved: "BAD CANDY" (OP1)
[2026-04-11 20:50:47] [y2022]    💾 Saved: "HORIZON" (ED1)
[2026-04-11 20:50:47] [y2022]    🎤 Artist: yukaDD(;´∀｀) (1 themes)
[2026-04-11 20:50:47] [y2022]    🎤 Artist: TEAM SHACHI (1 themes)
[2026-04-11 20:50:47] [y2022]    ✅ New: 9 | Skipped: 0 | Failed: 0
[2026-04-11 20:50:47] [y2022] 
🎌 [10/229] karakai_jouzu_no_takagi_san_3
[2026-04-11 20:50:49] [y2022]    📡 Got anime info from AnimeThemes (full mode)
[2026-04-11 20:50:51] [y2022]    🔍 Found extra info via AniList (by_id)
[2026-04-11 20:50:51] [y2022]    📝 Karakai Jouzu no Takagi-san 3 | Teasing Master Takagi-san Season 3 | WINTER 2022
[2026-04-11 20:50:51] [y2022]    🆔 MAL: 49721 | AniList: 138424
[2026-04-11 20:50:51] [y2022]    🎬 Found 10 theme(s):
[2026-04-11 20:50:51] [y2022]       OP1: "Massugu" — Yuiko Oohara (2 videos)
[2026-04-11 20:50:51] [y2022]       ED1: "Yume de Aetara" — Rie Takahashi (2 videos)
[2026-04-11 20:50:51] [y2022]       ED2: "Over Drive" — Rie Takahashi (3 videos)
[2026-04-11 20:50:51] [y2022]       OP2: "Massugu ~Lalala ver.~" — Yuiko Oohara (1 videos)
[2026-04-11 20:50:51] [y2022]       ED3: "Himawari no Yakusoku" — Rie Takahashi (2 videos)
[2026-04-11 20:50:51] [y2022]       ED4: "Gakuen Tengoku" — Konomi Kohara, Mao Ichimichi, Rie Takahashi, Yui Ogura, Nobuhiko Okamoto, Yuuki Kaji, Fukushi Ochiai (2 videos)
[2026-04-11 20:50:51] [y2022]       ED5: "Joyful" — Rie Takahashi (2 videos)
[2026-04-11 20:50:51] [y2022]       ED6: "Santa ga Machi ni Yattekuru" — Rie Takahashi (2 videos)
[2026-04-11 20:50:51] [y2022]       ED7: "Snow Magic Fantasy" — Rie Takahashi (2 videos)
[2026-04-11 20:50:51] [y2022]       ED8: "Hana" — Rie Takahashi (2 videos)
[2026-04-11 20:50:51] [y2022]    💾 Saved: "Massugu" (OP1)
[2026-04-11 20:50:51] [y2022]    💾 Saved: "Yume de Aetara" (ED1)
[2026-04-11 20:50:51] [y2022]    💾 Saved: "Over Drive" (ED2)
[2026-04-11 20:50:51] [y2022]    💾 Saved: "Massugu ~Lalala ver.~" (OP2)
[2026-04-11 20:50:51] [y2022]    💾 Saved: "Himawari no Yakusoku" (ED3)
[2026-04-11 20:50:51] [y2022]    💾 Saved: "Gakuen Tengoku" (ED4)
[2026-04-11 20:50:51] [y2022]    💾 Saved: "Joyful" (ED5)
[2026-04-11 20:50:51] [y2022]    💾 Saved: "Santa ga Machi ni Yattekuru" (ED6)
[2026-04-11 20:50:52] [y2022]    💾 Saved: "Snow Magic Fantasy" (ED7)
[2026-04-11 20:50:52] [y2022]    💾 Saved: "Hana" (ED8)
[2026-04-11 20:50:52] [y2022]    🎤 Artist: Yuiko Oohara (2 themes)
[2026-04-11 20:50:52] [y2022]    🎤 Artist: Rie Takahashi (8 themes)
[2026-04-11 20:50:52] [y2022]    🎤 Artist: Konomi Kohara (1 themes)
[2026-04-11 20:50:52] [y2022]    🎤 Artist: Mao Ichimichi (1 themes)
[2026-04-11 20:50:52] [y2022]    🎤 Artist: Yui Ogura (1 themes)
[2026-04-11 20:50:52] [y2022]    🎤 Artist: Nobuhiko Okamoto (1 themes)
[2026-04-11 20:50:52] [y2022]    🎤 Artist: Yuuki Kaji (1 themes)
[2026-04-11 20:50:52] [y2022]    🎤 Artist: Fukushi Ochiai (1 themes)
[2026-04-11 20:50:52] [y2022]    ✅ New: 10 | Skipped: 0 | Failed: 0
[2026-04-11 20:50:52] [y2022] 
🎌 [11/229] akebi_chan_no_sailor_fuku
[2026-04-11 20:50:54] [y2022]    📡 Got anime info from AnimeThemes (full mode)
[2026-04-11 20:50:56] [y2022]    🔍 Found extra info via AniList (by_id)
[2026-04-11 20:50:56] [y2022]    📝 Akebi-chan no Sailor-fuku | Akebi’s Sailor Uniform | WINTER 2022
[2026-04-11 20:50:56] [y2022]    🆔 MAL: 48553 | AniList: 131548
[2026-04-11 20:50:56] [y2022]    🎬 Found 4 theme(s):
[2026-04-11 20:50:56] [y2022]       ED1: "Baton" — Manatsu Murakami (2 videos)
[2026-04-11 20:50:56] [y2022]       OP1: "Hajimari no Setsuna" — Roubai Academy Year 1 Class 3 (2 videos)
[2026-04-11 20:50:56] [y2022]       ED2: "Kaze ni Makasete" — Manatsu Murakami (2 videos)
[2026-04-11 20:50:56] [y2022]       ED3: "Hajimari no Setsuna" — Roubai Academy Year 1 Class 3 (1 videos)
[2026-04-11 20:50:56] [y2022]    💾 Saved: "Baton" (ED1)
[2026-04-11 20:50:56] [y2022]    💾 Saved: "Hajimari no Setsuna" (OP1)
[2026-04-11 20:50:56] [y2022]    💾 Saved: "Kaze ni Makasete" (ED2)
[2026-04-11 20:50:56] [y2022]    💾 Saved: "Hajimari no Setsuna" (ED3)
[2026-04-11 20:50:56] [y2022]    🎤 Artist: Manatsu Murakami (2 themes)
[2026-04-11 20:50:56] [y2022]    🎤 Artist: Roubai Academy Year 1 Class 3 (2 themes)
[2026-04-11 20:50:56] [y2022]    ✅ New: 11 | Skipped: 0 | Failed: 0
[2026-04-11 20:50:56] [y2022] 
🎌 [12/229] genjitsu_shugi_yuusha_no_oukoku_saikenki_2nd_season
[2026-04-11 20:50:58] [y2022]    📡 Got anime info from AnimeThemes (full mode)
[2026-04-11 20:50:59] [y2022]    🔍 Found extra info via AniList (by_id)
[2026-04-11 20:50:59] [y2022]    📝 Genjitsu Shugi Yuusha no Oukoku Saikenki 2nd Season | How a Realist Hero Rebuilt the Kingdom Part 2 | WINTER 2022
[2026-04-11 20:50:59] [y2022]    🆔 MAL: 49930 | AniList: 139648
[2026-04-11 20:50:59] [y2022]    🎬 Found 2 theme(s):
[2026-04-11 20:50:59] [y2022]       OP1: "REAL-EYES" — Inori Minase (2 videos)
[2026-04-11 20:50:59] [y2022]       ED1: "LIGHTS" — Aimi (2 videos)
[2026-04-11 20:50:59] [y2022]    💾 Saved: "REAL-EYES" (OP1)
[2026-04-11 20:50:59] [y2022]    💾 Saved: "LIGHTS" (ED1)
[2026-04-11 20:51:00] [y2022]    🎤 Artist: Inori Minase (1 themes)
[2026-04-11 20:51:00] [y2022]    🎤 Artist: Aimi (1 themes)
[2026-04-11 20:51:00] [y2022]    ✅ New: 12 | Skipped: 0 | Failed: 0
[2026-04-11 20:51:00] [y2022] 
🎌 [13/229] sono_bisque_doll_wa_koi_wo_suru
[2026-04-11 20:51:01] [y2022]    📡 Got anime info from AnimeThemes (full mode)
[2026-04-11 20:51:03] [y2022]    🔍 Found extra info via AniList (by_id)
[2026-04-11 20:51:03] [y2022]    📝 Sono Bisque Doll wa Koi wo Suru | My Dress-Up Darling | WINTER 2022
[2026-04-11 20:51:03] [y2022]    🆔 MAL: 48736 | AniList: 132405
[2026-04-11 20:51:03] [y2022]    🎬 Found 2 theme(s):
[2026-04-11 20:51:03] [y2022]       OP1: "San San Days" — Spira Spica (2 videos)
[2026-04-11 20:51:03] [y2022]       ED1: "Koi no Yukue" — — (2 videos)
[2026-04-11 20:51:03] [y2022]    💾 Saved: "San San Days" (OP1)
[2026-04-11 20:51:03] [y2022]    💾 Saved: "Koi no Yukue" (ED1)
[2026-04-11 20:51:03] [y2022]    🎤 Artist: Spira Spica (1 themes)
[2026-04-11 20:51:03] [y2022]    ✅ New: 13 | Skipped: 0 | Failed: 0
[2026-04-11 20:51:03] [y2022] 
🎌 [14/229] baraou_no_souretsu
[2026-04-11 20:51:05] [y2022]    📡 Got anime info from AnimeThemes (full mode)
[2026-04-11 20:51:06] [y2022]    🔍 Found extra info via AniList (by_id)
[2026-04-11 20:51:06] [y2022]    📝 Baraou no Souretsu | Requiem of the Rose King | WINTER 2022
[2026-04-11 20:51:06] [y2022]    🆔 MAL: 42892 | AniList: 124060
[2026-04-11 20:51:06] [y2022]    🎬 Found 4 theme(s):
[2026-04-11 20:51:06] [y2022]       ED1: "Akumu" — ZAQ (1 videos)
[2026-04-11 20:51:06] [y2022]       OP1: "Ware, Bara ni Insu" — Makoto Furukawa (1 videos)
[2026-04-11 20:51:06] [y2022]       OP2: "Ibara Rinbukyoku" — Makoto Furukawa (1 videos)
[2026-04-11 20:51:06] [y2022]       ED2: "Rasen" — Nowlu (1 videos)
[2026-04-11 20:51:07] [y2022]    💾 Saved: "Akumu" (ED1)
[2026-04-11 20:51:07] [y2022]    💾 Saved: "Ware, Bara ni Insu" (OP1)
[2026-04-11 20:51:07] [y2022]    💾 Saved: "Ibara Rinbukyoku" (OP2)
[2026-04-11 20:51:08] [y2022]    💾 Saved: "Rasen" (ED2)
[2026-04-11 20:51:08] [y2022]    🎤 Artist: ZAQ (1 themes)
[2026-04-11 20:51:08] [y2022]    🎤 Artist: Makoto Furukawa (2 themes)
[2026-04-11 20:51:08] [y2022]    🎤 Artist: Nowlu (1 themes)
[2026-04-11 20:51:08] [y2022]    ✅ New: 14 | Skipped: 0 | Failed: 0
[2026-04-11 20:51:08] [y2022] 
🎌 [15/229] futsal_boys
[2026-04-11 20:51:10] [y2022]    📡 Got anime info from AnimeThemes (full mode)
[2026-04-11 20:51:11] [y2022]    🔍 Found extra info via AniList (by_id)
[2026-04-11 20:51:11] [y2022]    📝 Futsal Boys!!!!! | Futsal Boys!!!!! | WINTER 2022
[2026-04-11 20:51:11] [y2022]    🆔 MAL: 40488 | AniList: 112719
[2026-04-11 20:51:11] [y2022]    🎬 Found 2 theme(s):
[2026-04-11 20:51:11] [y2022]       OP1: "BRAVE MAKER" — Takao Sakuma (2 videos)
[2026-04-11 20:51:11] [y2022]       ED1: "Pianissimo" — STEREO DIVE FOUNDATION (1 videos)
[2026-04-11 20:51:11] [y2022]    💾 Saved: "BRAVE MAKER" (OP1)
[2026-04-11 20:51:11] [y2022]    💾 Saved: "Pianissimo" (ED1)
[2026-04-11 20:51:12] [y2022]    🎤 Artist: Takao Sakuma (1 themes)
[2026-04-11 20:51:12] [y2022]    🎤 Artist: STEREO DIVE FOUNDATION (1 themes)
[2026-04-11 20:51:12] [y2022]    ✅ New: 15 | Skipped: 0 | Failed: 0
[2026-04-11 20:51:12] [y2022] 
🎌 [16/229] kaijin_kaihatsu_bu_no_kuroitsu_san
[2026-04-11 20:51:13] [y2022]    📡 Got anime info from AnimeThemes (full mode)
[2026-04-11 20:51:15] [y2022]    🔍 Found extra info via AniList (by_id)
[2026-04-11 20:51:15] [y2022]    📝 Kaijin Kaihatsu-bu no Kuroitsu-san | Miss KUROITSU from the Monster Development Department | WINTER 2022
[2026-04-11 20:51:15] [y2022]    🆔 MAL: 49385 | AniList: 136428
[2026-04-11 20:51:15] [y2022]    🎬 Found 3 theme(s):
[2026-04-11 20:51:15] [y2022]       OP1: "Special Force" — AXXX1S (3 videos)
[2026-04-11 20:51:15] [y2022]       ED1: "Destiny" — Maybe ME (2 videos)
[2026-04-11 20:51:15] [y2022]       ED2: "Aimai Identity" — Maybe ME (2 videos)
[2026-04-11 20:51:15] [y2022]    💾 Saved: "Special Force" (OP1)
[2026-04-11 20:51:15] [y2022]    💾 Saved: "Destiny" (ED1)
[2026-04-11 20:51:15] [y2022]    💾 Saved: "Aimai Identity" (ED2)
[2026-04-11 20:51:15] [y2022]    🎤 Artist: AXXX1S (1 themes)
[2026-04-11 20:51:15] [y2022]    🎤 Artist: Maybe ME (2 themes)
[2026-04-11 20:51:15] [y2022]    ✅ New: 16 | Skipped: 0 | Failed: 0
[2026-04-11 20:51:15] [y2022] 
🎌 [17/229] sabiiro_no_armor_reimei
[2026-04-11 20:51:17] [y2022]    📡 Got anime info from AnimeThemes (full mode)
[2026-04-11 20:51:19] [y2022]    🔍 Found extra info via AniList (by_id)
[2026-04-11 20:51:19] [y2022]    📝 Sabiiro no Armor: Reimei | Rusted Armors | WINTER 2022
[2026-04-11 20:51:19] [y2022]    🆔 MAL: 39917 | AniList: 109820
[2026-04-11 20:51:19] [y2022]    🎬 Found 2 theme(s):
[2026-04-11 20:51:19] [y2022]       OP1: "Faith" — Toshiki Masuda (1 videos)
[2026-04-11 20:51:19] [y2022]       ED1: "Tie and Tie" — FANTASTICS (1 videos)
[2026-04-11 20:51:19] [y2022]    💾 Saved: "Faith" (OP1)
[2026-04-11 20:51:19] [y2022]    💾 Saved: "Tie and Tie" (ED1)
[2026-04-11 20:51:19] [y2022]    🎤 Artist: Toshiki Masuda (1 themes)
[2026-04-11 20:51:19] [y2022]    🎤 Artist: FANTASTICS (1 themes)
[2026-04-11 20:51:19] [y2022]    ✅ New: 17 | Skipped: 0 | Failed: 0
[2026-04-11 20:51:19] [y2022] 
🎌 [18/229] sasaki_to_miyano
[2026-04-11 20:51:21] [y2022]    📡 Got anime info from AnimeThemes (full mode)
[2026-04-11 20:51:22] [y2022]    🔍 Found extra info via AniList (by_id)
[2026-04-11 20:51:22] [y2022]    📝 Sasaki to Miyano | Sasaki and Miyano | WINTER 2022
[2026-04-11 20:51:22] [y2022]    🆔 MAL: 44055 | AniList: 126288
[2026-04-11 20:51:22] [y2022]    🎬 Found 2 theme(s):
[2026-04-11 20:51:22] [y2022]       ED1: "Ichigo Sunset" — Souma Saitou, Yuusuke Shirai (2 videos)
[2026-04-11 20:51:22] [y2022]       OP1: "Mabataki" — Miracle Chimpanzee (2 videos)
[2026-04-11 20:51:22] [y2022]    💾 Saved: "Ichigo Sunset" (ED1)
[2026-04-11 20:51:23] [y2022]    💾 Saved: "Mabataki" (OP1)
[2026-04-11 20:51:23] [y2022]    🎤 Artist: Souma Saitou (1 themes)
[2026-04-11 20:51:23] [y2022]    🎤 Artist: Yuusuke Shirai (1 themes)
[2026-04-11 20:51:23] [y2022]    🎤 Artist: Miracle Chimpanzee (1 themes)
[2026-04-11 20:51:23] [y2022]    ✅ New: 18 | Skipped: 0 | Failed: 0
[2026-04-11 20:51:23] [y2022] 
🎌 [19/229] shingeki_no_kyojin_the_final_season_part_2
[2026-04-11 20:51:24] [y2022]    📡 Got anime info from AnimeThemes (full mode)
[2026-04-11 20:51:26] [y2022]    🔍 Found extra info via AniList (by_id)
[2026-04-11 20:51:26] [y2022]    📝 Shingeki no Kyojin: The Final Season Part 2 | Attack on Titan Final Season Part 2 | WINTER 2022
[2026-04-11 20:51:26] [y2022]    🆔 MAL: 48583 | AniList: 131681
[2026-04-11 20:51:26] [y2022]    🎬 Found 2 theme(s):
[2026-04-11 20:51:26] [y2022]       OP1: "The Rumbling" — SiM (1 videos)
[2026-04-11 20:51:26] [y2022]       ED1: "Akuma no Ko" — — (1 videos)
[2026-04-11 20:51:26] [y2022]    💾 Saved: "The Rumbling" (OP1)
[2026-04-11 20:51:26] [y2022]    💾 Saved: "Akuma no Ko" (ED1)
[2026-04-11 20:51:26] [y2022]    🎤 Artist: SiM (1 themes)
[2026-04-11 20:51:26] [y2022]    ✅ New: 19 | Skipped: 0 | Failed: 0
[2026-04-11 20:51:26] [y2022] 
🎌 [20/229] yami_shibai_10
[2026-04-11 20:51:28] [y2022]    📡 Got anime info from AnimeThemes (full mode)
[2026-04-11 20:51:29] [y2022]    🔍 Found extra info via AniList (by_id)
[2026-04-11 20:51:29] [y2022]    📝 Yami Shibai 10 | Theatre of Darkness: Yamishibai 10 | WINTER 2022
[2026-04-11 20:51:29] [y2022]    🆔 MAL: 50599 | AniList: 142826
[2026-04-11 20:51:29] [y2022]    🎬 Found 1 theme(s):
[2026-04-11 20:51:29] [y2022]       ED1: "Kudaranee na" — — (1 videos)
[2026-04-11 20:51:30] [y2022]    💾 Saved: "Kudaranee na" (ED1)
[2026-04-11 20:51:30] [y2022]    ✅ New: 20 | Skipped: 0 | Failed: 0
[2026-04-11 20:51:30] [y2022] 
🎌 [21/229] fantasy_bishoujo_juniku_ojisan_to
[2026-04-11 20:51:31] [y2022]    📡 Got anime info from AnimeThemes (full mode)
[2026-04-11 20:51:33] [y2022]    🔍 Found extra info via AniList (by_id)
[2026-04-11 20:51:33] [y2022]    📝 Fantasy Bishoujo Juniku Ojisan to | Life With an Ordinary Guy Who Reincarnated Into a Total Fantasy Knockout | WINTER 2022
[2026-04-11 20:51:33] [y2022]    🆔 MAL: 48997 | AniList: 134252
[2026-04-11 20:51:33] [y2022]    🎬 Found 2 theme(s):
[2026-04-11 20:51:33] [y2022]       OP1: "Akatsuki no Salaryman" — Yoshiki Fukuyama (2 videos)
[2026-04-11 20:51:33] [y2022]       ED1: "'FA'NTASY to!" — Luce Twinkle Wink☆ (2 videos)
[2026-04-11 20:51:33] [y2022]    💾 Saved: "Akatsuki no Salaryman" (OP1)
[2026-04-11 20:51:33] [y2022]    💾 Saved: "'FA'NTASY to!" (ED1)
[2026-04-11 20:51:33] [y2022]    🎤 Artist: Yoshiki Fukuyama (1 themes)
[2026-04-11 20:51:33] [y2022]    🎤 Artist: Luce Twinkle Wink☆ (1 themes)
[2026-04-11 20:51:33] [y2022]    ✅ New: 21 | Skipped: 0 | Failed: 0
[2026-04-11 20:51:33] [y2022] 
🎌 [22/229] kenja_no_deshi_wo_nanoru_kenja
[2026-04-11 20:51:35] [y2022]    📡 Got anime info from AnimeThemes (full mode)
[2026-04-11 20:51:36] [y2022]    🔍 Found extra info via AniList (by_id)
[2026-04-11 20:51:36] [y2022]    📝 Kenja no Deshi wo Nanoru Kenja | She Professed Herself Pupil of the Wise Man | WINTER 2022
[2026-04-11 20:51:36] [y2022]    🆔 MAL: 42072 | AniList: 119056
[2026-04-11 20:51:36] [y2022]    🎬 Found 3 theme(s):
[2026-04-11 20:51:36] [y2022]       OP1: "Ready Set Go!!" — Asaka (2 videos)
[2026-04-11 20:51:36] [y2022]       ED1: "Ambitious" — — (2 videos)
[2026-04-11 20:51:36] [y2022]       ED2: "Ballad" — Asaka (1 videos)
[2026-04-11 20:51:36] [y2022]    💾 Saved: "Ready Set Go!!" (OP1)
[2026-04-11 20:51:36] [y2022]    💾 Saved: "Ambitious" (ED1)
[2026-04-11 20:51:36] [y2022]    💾 Saved: "Ballad" (ED2)
[2026-04-11 20:51:36] [y2022]    🎤 Artist: Asaka (2 themes)
[2026-04-11 20:51:36] [y2022]    ✅ New: 22 | Skipped: 0 | Failed: 0
[2026-04-11 20:51:36] [y2022] 
🎌 [23/229] tensai_ouji_no_akaji_kokka_saisei_jutsu
